
19. Printing statistics.

=== regfile_banked ===

        +----------Local Count, excluding submodules.
        |        +-Local Area, excluding submodules.
        |        | 
     8224        - wires
    12497        - wire bits
       11        - public wires
     4284        - public wire bits
        7        - ports
      188        - port bits
    12437 3.21E+05 cells
     3694 4.69E+04   sg13g2_a21o_1
      316 2.87E+03   sg13g2_a21oi_1
       52   754.79   sg13g2_a221oi_1
      102 1.11E+03   sg13g2_a22oi_1
      119 1.08E+03   sg13g2_and2_1
        4   50.803   sg13g2_and3_1
     4096 2.01E+05   sg13g2_dfrbpq_1
      243 1.32E+03   sg13g2_inv_1
      172 3.12E+03   sg13g2_mux2_1
     1065 4.06E+04   sg13g2_mux4_1
      426 3.09E+03   sg13g2_nand2_1
      105   952.56   sg13g2_nand2b_1
       41  371.952   sg13g2_nand3_1
        2   25.402   sg13g2_nand3b_1
       48  522.547   sg13g2_nand4_1
      678 4.92E+03   sg13g2_nor2_1
        7   63.504   sg13g2_nor2b_1
      154  1.4E+03   sg13g2_nor3_1
      457 4.98E+03   sg13g2_nor4_1
      603 5.47E+03   sg13g2_o21ai_1
       33  299.376   sg13g2_or2_1
       16  232.243   sg13g2_or4_1
        4   58.061   sg13g2_xnor2_1

   Chip area for module '\regfile_banked': 320836.496400
     of which used for sequential elements: 200658.124800 (62.54%)

