
17. Printing statistics.

=== regfile ===

        +----------Local Count, excluding submodules.
        |        +-Local Area, excluding submodules.
        |        | 
     4576        - wires
     5780        - wire bits
        8        - public wires
     1212        - public wire bits
        7        - ports
      188        - port bits
     5720 1.24E+05 cells
       43  546.134   sg13g2_a21o_1
      310  2812.32   sg13g2_a21oi_1
       79 1.15E+03   sg13g2_a221oi_1
       19  206.123   sg13g2_a22oi_1
       34  308.448   sg13g2_and2_1
        3   38.102   sg13g2_and3_1
        4   58.061   sg13g2_and4_1
     1024 5.02E+04   sg13g2_dfrbpq_1
      149  811.037   sg13g2_inv_1
      376 6.82E+03   sg13g2_mux2_1
     1038 3.96E+04   sg13g2_mux4_1
     1097 7.96E+03   sg13g2_nand2_1
      124 1.12E+03   sg13g2_nand2b_1
       17  154.224   sg13g2_nand3_1
        1   12.701   sg13g2_nand3b_1
      220  1.6E+03   sg13g2_nor2_1
        2   18.144   sg13g2_nor2b_1
        8   72.576   sg13g2_nor3_1
        3   32.659   sg13g2_nor4_1
     1135 1.03E+04   sg13g2_o21ai_1
       30   272.16   sg13g2_or2_1
        1   14.515   sg13g2_or4_1
        3   43.546   sg13g2_xnor2_1

   Chip area for module '\regfile': 124064.325000
     of which used for sequential elements: 50164.531200 (40.43%)

