
17. Printing statistics.

=== regfile ===

        +----------Local Count, excluding submodules.
        |        +-Local Area, excluding submodules.
        |        | 
     8447        - wires
    10824        - wire bits
        8        - public wires
     1362        - public wire bits
        7        - ports
      338        - port bits
    10678  1.9E+05 cells
      436 5.54E+03   sg13g2_a21o_1
     1088 9.87E+03   sg13g2_a21oi_1
      389 5.65E+03   sg13g2_a221oi_1
      653 7.08E+03   sg13g2_a22oi_1
       83  752.976   sg13g2_and2_1
       10  127.008   sg13g2_and3_1
        2    29.03   sg13g2_and4_1
     1024 5.02E+04   sg13g2_dfrbpq_1
      323 1.76E+03   sg13g2_inv_1
      442 8.02E+03   sg13g2_mux2_1
     1548  5.9E+04   sg13g2_mux4_1
      642 4.66E+03   sg13g2_nand2_1
      286 2.59E+03   sg13g2_nand2b_1
      289 2.62E+03   sg13g2_nand3_1
        4   50.803   sg13g2_nand3b_1
      491 5.35E+03   sg13g2_nand4_1
      580 4.21E+03   sg13g2_nor2_1
       23  208.656   sg13g2_nor2b_1
      343 3.11E+03   sg13g2_nor3_1
      346 3.77E+03   sg13g2_nor4_1
     1569 1.42E+04   sg13g2_o21ai_1
       93  843.696   sg13g2_or2_1
        2   25.402   sg13g2_or3_1
        2    29.03   sg13g2_or4_1
        9  130.637   sg13g2_xnor2_1
        1   14.515   sg13g2_xor2_1

   Chip area for module '\regfile': 189817.803000
     of which used for sequential elements: 50164.531200 (26.43%)

