
19. Printing statistics.

=== regfile_banked ===

        +----------Local Count, excluding submodules.
        |        +-Local Area, excluding submodules.
        |        | 
     6073        - wires
     7315        - wire bits
        8        - public wires
     1250        - public wire bits
        7        - ports
      226        - port bits
     7217 1.41E+05 cells
       41  520.733   sg13g2_a21o_1
      529  4.8E+03   sg13g2_a21oi_1
      217 3.15E+03   sg13g2_a221oi_1
      713 7.74E+03   sg13g2_a22oi_1
       68  616.896   sg13g2_and2_1
        5   63.504   sg13g2_and3_1
     1024 5.02E+04   sg13g2_dfrbpq_1
      205 1.12E+03   sg13g2_inv_1
      268 4.86E+03   sg13g2_mux2_1
     1041 3.97E+04   sg13g2_mux4_1
      203 1.47E+03   sg13g2_nand2_1
      115  1043.28   sg13g2_nand2b_1
      202 1.83E+03   sg13g2_nand3_1
        2   25.402   sg13g2_nand3b_1
      530 5.77E+03   sg13g2_nand4_1
      368 2.67E+03   sg13g2_nor2_1
       16  145.152   sg13g2_nor2b_1
      348 3.16E+03   sg13g2_nor3_1
       10  108.864   sg13g2_nor4_1
     1263 1.15E+04   sg13g2_o21ai_1
       39  353.808   sg13g2_or2_1
        2    29.03   sg13g2_or4_1
        8  116.122   sg13g2_xnor2_1

   Chip area for module '\regfile_banked': 140875.723800
     of which used for sequential elements: 50164.531200 (35.61%)

