
19. Printing statistics.

=== regfile_banked ===

        +----------Local Count, excluding submodules.
        |        +-Local Area, excluding submodules.
        |        | 
     6669        - wires
     8021        - wire bits
        8        - public wires
     1360        - public wire bits
        7        - ports
      336        - port bits
     7941 1.76E+05 cells
       63   800.15   sg13g2_a21o_1
      910  8255.52   sg13g2_a21oi_1
      110  1.6E+03   sg13g2_a221oi_1
       42  455.641   sg13g2_a22oi_1
        5    45.36   sg13g2_and2_1
        2   25.402   sg13g2_and3_1
        4   58.061   sg13g2_and4_1
     1024 5.02E+04   sg13g2_dfrbpq_1
      302 1.64E+03   sg13g2_inv_1
      533 9.67E+03   sg13g2_mux2_1
     2093 7.97E+04   sg13g2_mux4_1
      510  3.7E+03   sg13g2_nand2_1
      165  1496.88   sg13g2_nand2b_1
       13  117.936   sg13g2_nand3_1
        2   25.402   sg13g2_nand3b_1
        9   97.978   sg13g2_nand4_1
      833 6.05E+03   sg13g2_nor2_1
       18  163.296   sg13g2_nor2b_1
       32  290.304   sg13g2_nor3_1
        2   21.773   sg13g2_nor4_1
     1195 1.08E+04   sg13g2_o21ai_1
       70   635.04   sg13g2_or2_1
        1   14.515   sg13g2_or4_1
        3   43.546   sg13g2_xnor2_1

   Chip area for module '\regfile_banked': 175958.924400
     of which used for sequential elements: 50164.531200 (28.51%)

