
17. Printing statistics.

=== regfile ===

        +----------Local Count, excluding submodules.
        |        +-Local Area, excluding submodules.
        |        | 
     4123        - wires
     5290        - wire bits
        8        - public wires
     1175        - public wire bits
        7        - ports
      151        - port bits
     5235 1.12E+05 cells
       33  419.126   sg13g2_a21o_1
      207 1.88E+03   sg13g2_a21oi_1
       51  740.275   sg13g2_a221oi_1
       15  162.729   sg13g2_a22oi_1
       35   317.52   sg13g2_and2_1
        2   25.402   sg13g2_and3_1
        3   43.546   sg13g2_and4_1
     1024 5.02E+04   sg13g2_dfrbpq_1
      110  598.752   sg13g2_inv_1
      395  7166.88   sg13g2_mux2_1
      761  2.9E+04   sg13g2_mux4_1
      879  6379.43   sg13g2_nand2_1
       87  789.264   sg13g2_nand2b_1
      331    3E+03   sg13g2_nand3_1
       12  130.637   sg13g2_nand4_1
      175  1270.08   sg13g2_nor2_1
        1    9.072   sg13g2_nor2b_1
        2   18.144   sg13g2_nor3_1
        3   32.659   sg13g2_nor4_1
     1083 9.82E+03   sg13g2_o21ai_1
       22  199.584   sg13g2_or2_1
        4   58.061   sg13g2_xnor2_1

   Chip area for module '\regfile': 112227.330600
     of which used for sequential elements: 50164.531200 (44.70%)

