
19. Printing statistics.

=== regfile_banked ===

        +----------Local Count, excluding submodules.
        |        +-Local Area, excluding submodules.
        |        | 
    10137        - wires
    14558        - wire bits
       11        - public wires
     4432        - public wire bits
        7        - ports
      336        - port bits
    14478 3.71E+05 cells
     3740 4.75E+04   sg13g2_a21o_1
      590  5352.48   sg13g2_a21oi_1
       95 1.38E+03   sg13g2_a221oi_1
       54  585.824   sg13g2_a22oi_1
      104  943.488   sg13g2_and2_1
        3   38.102   sg13g2_and3_1
        4   58.061   sg13g2_and4_1
     4096 2.01E+05   sg13g2_dfrbpq_1
      500   2721.6   sg13g2_inv_1
      363 6.59E+03   sg13g2_mux2_1
     2125  80967.6   sg13g2_mux4_1
      367 2.66E+03   sg13g2_nand2_1
      138 1.25E+03   sg13g2_nand2b_1
       23  208.656   sg13g2_nand3_1
       14   152.41   sg13g2_nand4_1
      623 4.52E+03   sg13g2_nor2_1
       19  172.368   sg13g2_nor2b_1
      378 3.43E+03   sg13g2_nor3_1
      268 2.92E+03   sg13g2_nor4_1
      887 8.05E+03   sg13g2_o21ai_1
       67  607.824   sg13g2_or2_1
       14  177.811   sg13g2_or3_1
        3   43.546   sg13g2_or4_1
        3   43.546   sg13g2_xnor2_1

   Chip area for module '\regfile_banked': 371028.243600
     of which used for sequential elements: 200658.124800 (54.08%)

