
17. Printing statistics.

=== regfile ===

        +----------Local Count, excluding submodules.
        |        +-Local Area, excluding submodules.
        |        | 
      696        - wires
     1052        - wire bits
        8        - public wires
      364        - public wire bits
        7        - ports
      108        - port bits
     1008  2.4E+04 cells
        1   12.701   sg13g2_a21o_1
        1    9.072   sg13g2_and2_1
      256 1.25E+04   sg13g2_dfrbpq_1
        1    5.443   sg13g2_inv_1
      128 2.32E+03   sg13g2_mux2_1
      128 4.88E+03   sg13g2_mux4_1
      130  943.488   sg13g2_nand2_1
        3   27.216   sg13g2_nand2b_1
        1    9.072   sg13g2_nand3_1
        1   10.886   sg13g2_nand4_1
        2   18.144   sg13g2_nor2b_1
        1    9.072   sg13g2_nor3_1
      353  3.2E+03   sg13g2_o21ai_1
        1    9.072   sg13g2_or2_1
        1   12.701   sg13g2_or3_1

   Chip area for module '\regfile': 24009.955200
     of which used for sequential elements: 12541.132800 (52.23%)

