
17. Printing statistics.

=== regfile ===

        +----------Local Count, excluding submodules.
        |        +-Local Area, excluding submodules.
        |        | 
     3841        - wires
     6032        - wire bits
        8        - public wires
     1176        - public wire bits
        7        - ports
      152        - port bits
     5944 1.14E+05 cells
       43  546.134   sg13g2_a21o_1
      370  3356.64   sg13g2_a21oi_1
      137 1.99E+03   sg13g2_a221oi_1
      731 7.93E+03   sg13g2_a22oi_1
       31  281.232   sg13g2_and2_1
        7   88.906   sg13g2_and3_1
     1024 5.02E+04   sg13g2_dfrbpq_1
      128   696.73   sg13g2_inv_1
      191 3.47E+03   sg13g2_mux2_1
      530 2.02E+04   sg13g2_mux4_1
      202 1.47E+03   sg13g2_nand2_1
       59  535.248   sg13g2_nand2b_1
      183 1.66E+03   sg13g2_nand3_1
        2   25.402   sg13g2_nand3b_1
      527 5.74E+03   sg13g2_nand4_1
      275  1995.84   sg13g2_nor2_1
       23  208.656   sg13g2_nor2b_1
      348 3.16E+03   sg13g2_nor3_1
        6   65.318   sg13g2_nor4_1
     1097 9.95E+03   sg13g2_o21ai_1
       20   181.44   sg13g2_or2_1
        2    29.03   sg13g2_or4_1
        7  101.606   sg13g2_xnor2_1
        1   14.515   sg13g2_xor2_1

   Chip area for module '\regfile': 113842.297800
     of which used for sequential elements: 50164.531200 (44.06%)

