
17. Printing statistics.

=== regfile ===

        +----------Local Count, excluding submodules.
        |        +-Local Area, excluding submodules.
        |        | 
     6364        - wires
     8703        - wire bits
        8        - public wires
     1324        - public wire bits
        7        - ports
      300        - port bits
     8595 1.68E+05 cells
       87  1104.97   sg13g2_a21o_1
      647 5.87E+03   sg13g2_a21oi_1
      225  3265.92   sg13g2_a221oi_1
      602 6.53E+03   sg13g2_a22oi_1
       55   498.96   sg13g2_and2_1
        4   50.803   sg13g2_and3_1
        1   14.515   sg13g2_and4_1
     1024 5.02E+04   sg13g2_dfrbpq_1
      258  1.4E+03   sg13g2_inv_1
      377 6.84E+03   sg13g2_mux2_1
     1543 5.88E+04   sg13g2_mux4_1
      168 1.22E+03   sg13g2_nand2_1
      174 1.58E+03   sg13g2_nand2b_1
      228 2.07E+03   sg13g2_nand3_1
        2   25.402   sg13g2_nand3b_1
      523 5.69E+03   sg13g2_nand4_1
      619 4.49E+03   sg13g2_nor2_1
       34  308.448   sg13g2_nor2b_1
      289 2.62E+03   sg13g2_nor3_1
        8   87.091   sg13g2_nor4_1
     1661 1.51E+04   sg13g2_o21ai_1
       56  508.032   sg13g2_or2_1
        1   12.701   sg13g2_or3_1
        1   14.515   sg13g2_or4_1
        8  116.122   sg13g2_xnor2_1

   Chip area for module '\regfile': 168351.750000
     of which used for sequential elements: 50164.531200 (29.80%)

