
17. Printing statistics.

=== regfile ===

        +----------Local Count, excluding submodules.
        |        +-Local Area, excluding submodules.
        |        | 
     6834        - wires
     9084        - wire bits
        8        - public wires
     2258        - public wire bits
        7        - ports
      210        - port bits
     9002 1.95E+05 cells
        2   25.402   sg13g2_a21o_1
      509 4.62E+03   sg13g2_a21oi_1
       35  508.032   sg13g2_a221oi_1
       32  347.155   sg13g2_a22oi_1
       71  644.112   sg13g2_and2_1
        2   25.402   sg13g2_and3_1
        2    29.03   sg13g2_and4_1
     2048    1E+05   sg13g2_dfrbpq_1
      169  919.901   sg13g2_inv_1
      429 7.78E+03   sg13g2_mux2_1
     1082 4.12E+04   sg13g2_mux4_1
     1745 1.27E+04   sg13g2_nand2_1
       38  344.736   sg13g2_nand2b_1
      533 4.84E+03   sg13g2_nand3_1
        6   65.318   sg13g2_nand4_1
      388 2.82E+03   sg13g2_nor2_1
        2   18.144   sg13g2_nor2b_1
        6   54.432   sg13g2_nor3_1
        5   54.432   sg13g2_nor4_1
     1859 1.69E+04   sg13g2_o21ai_1
       35   317.52   sg13g2_or2_1
        1   14.515   sg13g2_or4_1
        3   43.546   sg13g2_xnor2_1

   Chip area for module '\regfile': 194549.644800
     of which used for sequential elements: 100329.062400 (51.57%)

