
19. Printing statistics.

=== regfile_banked ===

        +----------Local Count, excluding submodules.
        |        +-Local Area, excluding submodules.
        |        | 
     6337        - wires
     8564        - wire bits
        9        - public wires
     2236        - public wire bits
        7        - ports
      188        - port bits
     8504 1.92E+05 cells
      664 8.43E+03   sg13g2_a21o_1
      292 2.65E+03   sg13g2_a21oi_1
       73  1059.61   sg13g2_a221oi_1
       16  173.578   sg13g2_a22oi_1
       32  290.304   sg13g2_and2_1
        2   25.402   sg13g2_and3_1
        1   14.515   sg13g2_and4_1
     2048    1E+05   sg13g2_dfrbpq_1
      149  811.037   sg13g2_inv_1
      374 6.79E+03   sg13g2_mux2_1
     1042 3.97E+04   sg13g2_mux4_1
     1388 1.01E+04   sg13g2_nand2_1
      122 1.11E+03   sg13g2_nand2b_1
       97  879.984   sg13g2_nand3_1
        1   12.701   sg13g2_nand3b_1
       39   424.57   sg13g2_nand4_1
      354  2569.19   sg13g2_nor2_1
        9   81.648   sg13g2_nor2b_1
      199 1.81E+03   sg13g2_nor3_1
       54  587.866   sg13g2_nor4_1
     1522 1.38E+04   sg13g2_o21ai_1
       22  199.584   sg13g2_or2_1
        4   58.061   sg13g2_xnor2_1

   Chip area for module '\regfile_banked': 191881.267200
     of which used for sequential elements: 100329.062400 (52.29%)

