
17. Printing statistics.

=== regfile ===

        +----------Local Count, excluding submodules.
        |        +-Local Area, excluding submodules.
        |        | 
     1370        - wires
     1985        - wire bits
        8        - public wires
      623        - public wire bits
        7        - ports
      111        - port bits
     1938 4.86E+04 cells
       66  838.253   sg13g2_a21o_1
       62  562.464   sg13g2_a21oi_1
        5    45.36   sg13g2_and2_1
       32  464.486   sg13g2_and4_1
      512 2.51E+04   sg13g2_dfrbpq_1
       33  179.626   sg13g2_inv_1
      158 2.87E+03   sg13g2_mux2_1
      320 1.22E+04   sg13g2_mux4_1
      296  2148.25   sg13g2_nand2_1
        3   27.216   sg13g2_nand2b_1
      134 1.22E+03   sg13g2_nand3_1
       10  108.864   sg13g2_nand4_1
        4    29.03   sg13g2_nor2_1
        3   27.216   sg13g2_nor2b_1
        5    45.36   sg13g2_nor3_1
       32  348.365   sg13g2_nor4_1
      260  2358.72   sg13g2_o21ai_1
        1   12.701   sg13g2_or3_1
        2    29.03   sg13g2_xnor2_1

   Chip area for module '\regfile': 48582.374400
     of which used for sequential elements: 25082.265600 (51.63%)

