
17. Printing statistics.

=== regfile ===

        +----------Local Count, excluding submodules.
        |        +-Local Area, excluding submodules.
        |        | 
     7002        - wires
     8354        - wire bits
        8        - public wires
     1360        - public wire bits
        7        - ports
      336        - port bits
     8274 1.78E+05 cells
       87  1104.97   sg13g2_a21o_1
      733 6.65E+03   sg13g2_a21oi_1
      148  2148.25   sg13g2_a221oi_1
       34  368.852   sg13g2_a22oi_1
       32  290.304   sg13g2_and2_1
        5   72.576   sg13g2_and4_1
     1024 5.02E+04   sg13g2_dfrbpq_1
      313  1.7E+03   sg13g2_inv_1
      495  8981.28   sg13g2_mux2_1
     2069 7.88E+04   sg13g2_mux4_1
      945 6.86E+03   sg13g2_nand2_1
      254  2.3E+03   sg13g2_nand2b_1
       37  335.664   sg13g2_nand3_1
        2   25.402   sg13g2_nand3b_1
        7   76.205   sg13g2_nand4_1
      549 3.98E+03   sg13g2_nor2_1
        9   81.648   sg13g2_nor3_1
        3   32.659   sg13g2_nor4_1
     1471 1.33E+04   sg13g2_o21ai_1
       51  462.672   sg13g2_or2_1
        1   12.701   sg13g2_or3_1
        1   14.515   sg13g2_or4_1
        4   58.061   sg13g2_xnor2_1

   Chip area for module '\regfile': 177909.706800
     of which used for sequential elements: 50164.531200 (28.20%)

