
17. Printing statistics.

=== regfile ===

        +----------Local Count, excluding submodules.
        |        +-Local Area, excluding submodules.
        |        | 
     5372        - wires
     7564        - wire bits
        8        - public wires
     1177        - public wire bits
        7        - ports
      153        - port bits
     7443 1.22E+05 cells
      441  5.6E+03   sg13g2_a21o_1
      623 5.65E+03   sg13g2_a21oi_1
      177  2569.19   sg13g2_a221oi_1
      737    8E+03   sg13g2_a22oi_1
      104  943.488   sg13g2_and2_1
       15  190.512   sg13g2_and3_1
        1   14.515   sg13g2_and4_1
     1024 5.02E+04   sg13g2_dfrbpq_1
       98  533.434   sg13g2_inv_1
      286 5.19E+03   sg13g2_mux2_1
      251 9.56E+03   sg13g2_mux4_1
      574 4.17E+03   sg13g2_nand2_1
       71  644.112   sg13g2_nand2b_1
      216 1.96E+03   sg13g2_nand3_1
        4   50.803   sg13g2_nand3b_1
      505  5.5E+03   sg13g2_nand4_1
      426 3.09E+03   sg13g2_nor2_1
        8   72.576   sg13g2_nor2b_1
      281 2.55E+03   sg13g2_nor3_1
      350  3810.24   sg13g2_nor4_1
     1192 1.08E+04   sg13g2_o21ai_1
       44  399.168   sg13g2_or2_1
        1   12.701   sg13g2_or3_1
        4   58.061   sg13g2_or4_1
        9  130.637   sg13g2_xnor2_1
        1   14.515   sg13g2_xor2_1

   Chip area for module '\regfile': 121687.536600
     of which used for sequential elements: 50164.531200 (41.22%)

