
17. Printing statistics.

=== regfile ===

        +----------Local Count, excluding submodules.
        |        +-Local Area, excluding submodules.
        |        | 
     6485        - wires
     8751        - wire bits
        8        - public wires
     1251        - public wire bits
        7        - ports
      227        - port bits
     8620 1.49E+05 cells
      389 4.94E+03   sg13g2_a21o_1
      783  7.1E+03   sg13g2_a21oi_1
      240 3.48E+03   sg13g2_a221oi_1
      749 8.13E+03   sg13g2_a22oi_1
       78  707.616   sg13g2_and2_1
        7   88.906   sg13g2_and3_1
        6   87.091   sg13g2_and4_1
     1024 5.02E+04   sg13g2_dfrbpq_1
      200  1088.64   sg13g2_inv_1
      411 7.46E+03   sg13g2_mux2_1
      793 3.02E+04   sg13g2_mux4_1
      588 4.27E+03   sg13g2_nand2_1
      171 1.55E+03   sg13g2_nand2b_1
      318 2.88E+03   sg13g2_nand3_1
        3   38.102   sg13g2_nand3b_1
      329 3.58E+03   sg13g2_nand4_1
      405 2.94E+03   sg13g2_nor2_1
       16  145.152   sg13g2_nor2b_1
      450   4082.4   sg13g2_nor3_1
      308 3.35E+03   sg13g2_nor4_1
     1260 1.14E+04   sg13g2_o21ai_1
       76  689.472   sg13g2_or2_1
        1   12.701   sg13g2_or3_1
        4   58.061   sg13g2_or4_1
       11  159.667   sg13g2_xnor2_1

   Chip area for module '\regfile': 148656.324600
     of which used for sequential elements: 50164.531200 (33.75%)

