
17. Printing statistics.

=== regfile ===

        +----------Local Count, excluding submodules.
        |        +-Local Area, excluding submodules.
        |        | 
      500        - wires
      650        - wire bits
        8        - public wires
      158        - public wire bits
        7        - ports
       30        - port bits
      628 1.29E+04 cells
        3   38.102   sg13g2_a21o_1
       24  217.728   sg13g2_a21oi_1
        5   72.576   sg13g2_a221oi_1
        2   18.144   sg13g2_and2_1
      128 6.27E+03   sg13g2_dfrbpq_1
       19  103.421   sg13g2_inv_1
       46  834.624   sg13g2_mux2_1
       63  2.4E+03   sg13g2_mux4_1
      101  733.018   sg13g2_nand2_1
       11   99.792   sg13g2_nand2b_1
       57  517.104   sg13g2_nand3_1
        7   76.205   sg13g2_nand4_1
       14  101.606   sg13g2_nor2_1
        6   54.432   sg13g2_nor2b_1
        5    45.36   sg13g2_nor3_1
        4   43.546   sg13g2_nor4_1
      126 1.14E+03   sg13g2_o21ai_1
        3   27.216   sg13g2_or2_1
        3   43.546   sg13g2_xnor2_1
        1   14.515   sg13g2_xor2_1

   Chip area for module '\regfile': 12855.024000
     of which used for sequential elements: 6270.566400 (48.78%)

