
17. Printing statistics.

=== regfile ===

        +----------Local Count, excluding submodules.
        |        +-Local Area, excluding submodules.
        |        | 
     2914        - wires
     4007        - wire bits
        8        - public wires
     1101        - public wire bits
        7        - ports
       77        - port bits
     3962 8.52E+04 cells
       15  190.512   sg13g2_a21o_1
       68  616.896   sg13g2_a21oi_1
       24  348.365   sg13g2_a221oi_1
        3   32.546   sg13g2_a22oi_1
       35   317.52   sg13g2_and2_1
        1   12.701   sg13g2_and3_1
        2    29.03   sg13g2_and4_1
     1024 5.02E+04   sg13g2_dfrbpq_1
       36  195.955   sg13g2_inv_1
      272 4.94E+03   sg13g2_mux2_1
      257 9.79E+03   sg13g2_mux4_1
      888 6.44E+03   sg13g2_nand2_1
       42  381.024   sg13g2_nand2b_1
      342  3.1E+03   sg13g2_nand3_1
        4   43.546   sg13g2_nand4_1
       50   362.88   sg13g2_nor2_1
        1    9.072   sg13g2_nor2b_1
        3   27.216   sg13g2_nor3_1
        5   54.432   sg13g2_nor4_1
      879 7.97E+03   sg13g2_o21ai_1
        7   63.504   sg13g2_or2_1
        4   58.061   sg13g2_xnor2_1

   Chip area for module '\regfile': 85156.936200
     of which used for sequential elements: 50164.531200 (58.91%)

