
19. Printing statistics.

=== regfile_banked ===

        +----------Local Count, excluding submodules.
        |        +-Local Area, excluding submodules.
        |        | 
     9107        - wires
    11372        - wire bits
        9        - public wires
     2274        - public wire bits
        7        - ports
      226        - port bits
    11274 2.16E+05 cells
      212  2692.57   sg13g2_a21o_1
     1358 1.23E+04   sg13g2_a21oi_1
       93 1.35E+03   sg13g2_a221oi_1
      678 7.36E+03   sg13g2_a22oi_1
      160  1451.52   sg13g2_and2_1
        4   50.803   sg13g2_and3_1
       32  464.486   sg13g2_and4_1
     2048    1E+05   sg13g2_dfrbpq_1
      172   936.23   sg13g2_inv_1
      181 3.28E+03   sg13g2_mux2_1
     1045 3.98E+04   sg13g2_mux4_1
      914 6.63E+03   sg13g2_nand2_1
      126 1.14E+03   sg13g2_nand2b_1
      196 1.78E+03   sg13g2_nand3_1
        4   50.803   sg13g2_nand3b_1
      243 2.65E+03   sg13g2_nand4_1
      518 3.76E+03   sg13g2_nor2_1
        6   54.432   sg13g2_nor2b_1
      433 3.93E+03   sg13g2_nor3_1
      183 1.99E+03   sg13g2_nor4_1
     2568 2.33E+04   sg13g2_o21ai_1
       88  798.336   sg13g2_or2_1
        3   38.102   sg13g2_or3_1
        1   14.515   sg13g2_or4_1
        7  101.606   sg13g2_xnor2_1
        1   14.515   sg13g2_xor2_1

   Chip area for module '\regfile_banked': 216299.840400
     of which used for sequential elements: 100329.062400 (46.38%)

