
17. Printing statistics.

=== regfile ===

        +----------Local Count, excluding submodules.
        |        +-Local Area, excluding submodules.
        |        | 
     6757        - wires
     8914        - wire bits
        8        - public wires
     2165        - public wire bits
        7        - ports
      117        - port bits
     8861 1.97E+05 cells
        3   38.102   sg13g2_a21o_1
      194 1.76E+03   sg13g2_a21oi_1
       16  232.243   sg13g2_a221oi_1
      132 1.43E+03   sg13g2_a22oi_1
       45   408.24   sg13g2_and2_1
        6   76.205   sg13g2_and3_1
     2048    1E+05   sg13g2_dfrbpq_1
      183  996.106   sg13g2_inv_1
      347  6.3E+03   sg13g2_mux2_1
     1190 4.53E+04   sg13g2_mux4_1
     1740 1.26E+04   sg13g2_nand2_1
       62  562.464   sg13g2_nand2b_1
      106  961.632   sg13g2_nand3_1
      665 7.24E+03   sg13g2_nand4_1
      172 1.25E+03   sg13g2_nor2_1
       20   181.44   sg13g2_nor2b_1
       89  807.408   sg13g2_nor3_1
        3   32.659   sg13g2_nor4_1
     1823 1.65E+04   sg13g2_o21ai_1
        8   72.576   sg13g2_or2_1
        4   50.803   sg13g2_or3_1
        1   14.515   sg13g2_or4_1
        4   58.061   sg13g2_xnor2_1

   Chip area for module '\regfile': 197305.567200
     of which used for sequential elements: 100329.062400 (50.85%)

