
17. Printing statistics.

=== regfile ===

        +----------Local Count, excluding submodules.
        |        +-Local Area, excluding submodules.
        |        | 
     5774        - wires
     7052        - wire bits
        8        - public wires
     1286        - public wire bits
        7        - ports
      262        - port bits
     6982 1.51E+05 cells
       61  774.749   sg13g2_a21o_1
      556 5.04E+03   sg13g2_a21oi_1
      111 1.61E+03   sg13g2_a221oi_1
       32  347.155   sg13g2_a22oi_1
       35   317.52   sg13g2_and2_1
        1   12.701   sg13g2_and3_1
        2    29.03   sg13g2_and4_1
     1024 5.02E+04   sg13g2_dfrbpq_1
      241 1.31E+03   sg13g2_inv_1
      433 7.86E+03   sg13g2_mux2_1
     1561 5.95E+04   sg13g2_mux4_1
     1001 7.26E+03   sg13g2_nand2_1
      176  1.6E+03   sg13g2_nand2b_1
        5    45.36   sg13g2_nand3_1
        6   76.205   sg13g2_nand3b_1
        1   10.886   sg13g2_nand4_1
      415 3.01E+03   sg13g2_nor2_1
        1    9.072   sg13g2_nor2b_1
        9   81.648   sg13g2_nor3_1
        5   54.432   sg13g2_nor4_1
     1259 1.14E+04   sg13g2_o21ai_1
       42  381.024   sg13g2_or2_1
        1   12.701   sg13g2_or3_1
        1   14.515   sg13g2_or4_1
        3   43.546   sg13g2_xnor2_1

   Chip area for module '\regfile': 150971.385600
     of which used for sequential elements: 50164.531200 (33.23%)

