
17. Printing statistics.

=== regfile ===

        +----------Local Count, excluding submodules.
        |        +-Local Area, excluding submodules.
        |        | 
     7471        - wires
     9884        - wire bits
        8        - public wires
     1398        - public wire bits
        7        - ports
      374        - port bits
     9766 1.95E+05 cells
      112  1422.49   sg13g2_a21o_1
      748 6.79E+03   sg13g2_a21oi_1
      288 4.18E+03   sg13g2_a221oi_1
      731 7.93E+03   sg13g2_a22oi_1
       82  743.904   sg13g2_and2_1
       10  127.008   sg13g2_and3_1
     1024 5.02E+04   sg13g2_dfrbpq_1
      336 1.83E+03   sg13g2_inv_1
      397  7.2E+03   sg13g2_mux2_1
     2062 7.86E+04   sg13g2_mux4_1
      230 1.67E+03   sg13g2_nand2_1
      241 2.19E+03   sg13g2_nand2b_1
      193 1.75E+03   sg13g2_nand3_1
        3   38.102   sg13g2_nand3b_1
      530 5.77E+03   sg13g2_nand4_1
      582 4.22E+03   sg13g2_nor2_1
        7   63.504   sg13g2_nor2b_1
      341 3.09E+03   sg13g2_nor3_1
        9   97.978   sg13g2_nor4_1
     1771 1.61E+04   sg13g2_o21ai_1
       60   544.32   sg13g2_or2_1
        1   14.515   sg13g2_or4_1
        7  101.606   sg13g2_xnor2_1
        1   14.515   sg13g2_xor2_1

   Chip area for module '\regfile': 194588.541000
     of which used for sequential elements: 50164.531200 (25.78%)

