
19. Printing statistics.

=== regfile_banked ===

        +----------Local Count, excluding submodules.
        |        +-Local Area, excluding submodules.
        |        | 
     8280        - wires
    10655        - wire bits
        9        - public wires
     2384        - public wire bits
        7        - ports
      336        - port bits
    10575 2.44E+05 cells
     1007 1.28E+04   sg13g2_a21o_1
      536 4.86E+03   sg13g2_a21oi_1
      122 1.77E+03   sg13g2_a221oi_1
       50   542.43   sg13g2_a22oi_1
        9   81.648   sg13g2_and2_1
        1   12.701   sg13g2_and3_1
     2048    1E+05   sg13g2_dfrbpq_1
      301 1.64E+03   sg13g2_inv_1
      587 1.07E+04   sg13g2_mux2_1
     2094 7.98E+04   sg13g2_mux4_1
      906 6.58E+03   sg13g2_nand2_1
      187  1.7E+03   sg13g2_nand2b_1
      129 1.17E+03   sg13g2_nand3_1
        1   12.701   sg13g2_nand3b_1
       16  174.182   sg13g2_nand4_1
      650  4717.44   sg13g2_nor2_1
        5    45.36   sg13g2_nor2b_1
      271 2.46E+03   sg13g2_nor3_1
       12  130.637   sg13g2_nor4_1
     1566 1.42E+04   sg13g2_o21ai_1
       71  644.112   sg13g2_or2_1
        2   25.402   sg13g2_or3_1
        3   43.546   sg13g2_xnor2_1
        1   14.515   sg13g2_xor2_1

   Chip area for module '\regfile_banked': 244379.646000
     of which used for sequential elements: 100329.062400 (41.05%)

