
17. Printing statistics.

=== regfile ===

        +----------Local Count, excluding submodules.
        |        +-Local Area, excluding submodules.
        |        | 
      888        - wires
     1178        - wire bits
        8        - public wires
      298        - public wire bits
        7        - ports
       42        - port bits
     1152 2.49E+04 cells
        4   50.803   sg13g2_a21o_1
       29  263.088   sg13g2_a21oi_1
        6   87.091   sg13g2_a221oi_1
        3   32.546   sg13g2_a22oi_1
       11   99.792   sg13g2_and2_1
        2   25.402   sg13g2_and3_1
        2    29.03   sg13g2_and4_1
      256 1.25E+04   sg13g2_dfrbpq_1
       21  114.307   sg13g2_inv_1
       89 1.61E+03   sg13g2_mux2_1
      133 5.07E+03   sg13g2_mux4_1
      209 1.52E+03   sg13g2_nand2_1
       14  127.008   sg13g2_nand2b_1
       79  716.688   sg13g2_nand3_1
        8   87.091   sg13g2_nand4_1
       39  283.046   sg13g2_nor2_1
        1    9.072   sg13g2_nor2b_1
        3   27.216   sg13g2_nor3_1
        3   32.659   sg13g2_nor4_1
      232  2.1E+03   sg13g2_o21ai_1
        4   36.288   sg13g2_or2_1
        3   43.546   sg13g2_xnor2_1
        1   14.515   sg13g2_xor2_1

   Chip area for module '\regfile': 24924.299400
     of which used for sequential elements: 12541.132800 (50.32%)

