
17. Printing statistics.

=== regfile ===

        +----------Local Count, excluding submodules.
        |        +-Local Area, excluding submodules.
        |        | 
     6987        - wires
     9290        - wire bits
        8        - public wires
     1288        - public wire bits
        7        - ports
      264        - port bits
     9154  1.6E+05 cells
      150  1905.12   sg13g2_a21o_1
     1038 9.42E+03   sg13g2_a21oi_1
      386  5.6E+03   sg13g2_a221oi_1
      669 7.26E+03   sg13g2_a22oi_1
       69  625.968   sg13g2_and2_1
        6   76.205   sg13g2_and3_1
     1024 5.02E+04   sg13g2_dfrbpq_1
      256 1.39E+03   sg13g2_inv_1
      507  9.2E+03   sg13g2_mux2_1
     1035 3.94E+04   sg13g2_mux4_1
      656 4.76E+03   sg13g2_nand2_1
      187  1.7E+03   sg13g2_nand2b_1
      181 1.64E+03   sg13g2_nand3_1
        2   25.402   sg13g2_nand3b_1
      362 3.94E+03   sg13g2_nand4_1
      520 3.77E+03   sg13g2_nor2_1
       15   136.08   sg13g2_nor2b_1
      398 3.61E+03   sg13g2_nor3_1
      205 2.23E+03   sg13g2_nor4_1
     1299 1.18E+04   sg13g2_o21ai_1
      175   1587.6   sg13g2_or2_1
        3   38.102   sg13g2_or3_1
        1   14.515   sg13g2_or4_1
        9  130.637   sg13g2_xnor2_1
        1   14.515   sg13g2_xor2_1

   Chip area for module '\regfile': 160465.649400
     of which used for sequential elements: 50164.531200 (31.26%)

