
17. Printing statistics.

=== regfile ===

        +----------Local Count, excluding submodules.
        |        +-Local Area, excluding submodules.
        |        | 
     5147        - wires
     7412        - wire bits
        8        - public wires
     1250        - public wire bits
        7        - ports
      226        - port bits
     7314 1.41E+05 cells
       58  736.646   sg13g2_a21o_1
      497 4.51E+03   sg13g2_a21oi_1
      203 2.95E+03   sg13g2_a221oi_1
      681 7.39E+03   sg13g2_a22oi_1
       40   362.88   sg13g2_and2_1
        3   38.102   sg13g2_and3_1
        1   14.515   sg13g2_and4_1
     1024 5.02E+04   sg13g2_dfrbpq_1
      201 1.09E+03   sg13g2_inv_1
      243 4.41E+03   sg13g2_mux2_1
     1037 3.95E+04   sg13g2_mux4_1
      235 1.71E+03   sg13g2_nand2_1
      121  1.1E+03   sg13g2_nand2b_1
      220  1995.84   sg13g2_nand3_1
        3   38.102   sg13g2_nand3b_1
      520 5.66E+03   sg13g2_nand4_1
      426 3.09E+03   sg13g2_nor2_1
       27  244.944   sg13g2_nor2b_1
      351 3.18E+03   sg13g2_nor3_1
       12  130.637   sg13g2_nor4_1
     1374 1.25E+04   sg13g2_o21ai_1
       29  263.088   sg13g2_or2_1
        1   14.515   sg13g2_or4_1
        7  101.606   sg13g2_xnor2_1

   Chip area for module '\regfile': 141169.051800
     of which used for sequential elements: 50164.531200 (35.54%)

