
19. Printing statistics.

=== regfile_banked ===

        +----------Local Count, excluding submodules.
        |        +-Local Area, excluding submodules.
        |        | 
    11678        - wires
    14091        - wire bits
        9        - public wires
     2422        - public wire bits
        7        - ports
      374        - port bits
    13973 2.73E+05 cells
      212  2692.57   sg13g2_a21o_1
     1259 1.14E+04   sg13g2_a21oi_1
      137 1.99E+03   sg13g2_a221oi_1
      803 8.71E+03   sg13g2_a22oi_1
      246 2.23E+03   sg13g2_and2_1
        8  101.606   sg13g2_and3_1
        7  101.606   sg13g2_and4_1
     2048    1E+05   sg13g2_dfrbpq_1
      349  1.9E+03   sg13g2_inv_1
      411 7.46E+03   sg13g2_mux2_1
     2084 7.94E+04   sg13g2_mux4_1
      653 4.74E+03   sg13g2_nand2_1
      225   2041.2   sg13g2_nand2b_1
      127 1.15E+03   sg13g2_nand3_1
        2   25.402   sg13g2_nand3b_1
      441  4.8E+03   sg13g2_nand4_1
      880 6.39E+03   sg13g2_nor2_1
        7   63.504   sg13g2_nor2b_1
      335  3039.12   sg13g2_nor3_1
      273 2.97E+03   sg13g2_nor4_1
     3165 2.87E+04   sg13g2_o21ai_1
      257 2.33E+03   sg13g2_or2_1
        5   63.504   sg13g2_or3_1
       31  449.971   sg13g2_or4_1
        8  116.122   sg13g2_xnor2_1

   Chip area for module '\regfile_banked': 273234.616200
     of which used for sequential elements: 100329.062400 (36.72%)

