
17. Printing statistics.

=== regfile ===

        +----------Local Count, excluding submodules.
        |        +-Local Area, excluding submodules.
        |        | 
     3443        - wires
     4573        - wire bits
        8        - public wires
     1138        - public wire bits
        7        - ports
      114        - port bits
     4523 9.83E+04 cells
       22  279.418   sg13g2_a21o_1
      161 1.46E+03   sg13g2_a21oi_1
       42  609.638   sg13g2_a221oi_1
        3   32.546   sg13g2_a22oi_1
       35   317.52   sg13g2_and2_1
        1   12.701   sg13g2_and3_1
     1024 5.02E+04   sg13g2_dfrbpq_1
       76  413.683   sg13g2_inv_1
      285  5171.04   sg13g2_mux2_1
      532 2.03E+04   sg13g2_mux4_1
      903 6.55E+03   sg13g2_nand2_1
       66  598.752   sg13g2_nand2b_1
      334 3.03E+03   sg13g2_nand3_1
        1   12.701   sg13g2_nand3b_1
        8   87.091   sg13g2_nand4_1
       68  493.517   sg13g2_nor2_1
        4   36.288   sg13g2_nor3_1
        5   54.432   sg13g2_nor4_1
      942 8.55E+03   sg13g2_o21ai_1
        7   63.504   sg13g2_or2_1
        1   14.515   sg13g2_or4_1
        3   43.546   sg13g2_xnor2_1

   Chip area for module '\regfile': 98265.976200
     of which used for sequential elements: 50164.531200 (51.05%)

