
19. Printing statistics.

=== regfile_banked ===

        +----------Local Count, excluding submodules.
        |        +-Local Area, excluding submodules.
        |        | 
     4661        - wires
     5865        - wire bits
        8        - public wires
     1212        - public wire bits
        7        - ports
      188        - port bits
     5805 1.25E+05 cells
       31  393.725   sg13g2_a21o_1
      446 4.05E+03   sg13g2_a21oi_1
       57  827.366   sg13g2_a221oi_1
       23  249.518   sg13g2_a22oi_1
       37  335.664   sg13g2_and2_1
        1   12.701   sg13g2_and3_1
        2    29.03   sg13g2_and4_1
     1024 5.02E+04   sg13g2_dfrbpq_1
      160  870.912   sg13g2_inv_1
      324 5.88E+03   sg13g2_mux2_1
     1048 3.99E+04   sg13g2_mux4_1
      782 5.68E+03   sg13g2_nand2_1
       83  752.976   sg13g2_nand2b_1
      279 2.53E+03   sg13g2_nand3_1
        1   10.886   sg13g2_nand4_1
      397 2.88E+03   sg13g2_nor2_1
        8   72.576   sg13g2_nor2b_1
       18  163.296   sg13g2_nor3_1
        3   32.659   sg13g2_nor4_1
     1045  9480.24   sg13g2_o21ai_1
       32  290.304   sg13g2_or2_1
        4   58.061   sg13g2_xnor2_1

   Chip area for module '\regfile_banked': 124688.327400
     of which used for sequential elements: 50164.531200 (40.23%)

